[ Episode 1 / Step 0 ]
# # # # # # # # # # # # # # # # # # # # # # # # # # # # # # # # # # # # # # # # # # 
# T B B H                                                                         # 
#                                                                                 # 
#                                                                                 # 
#                                                                                 # 
#                                                                                 # 
#                                                                                 # 
#                                                                                 # 
#                                                                                 # 
#                                                                                 # 
#                                                                                 # 
#                                                                                 # 
#                                                             F                   # 
#                                                                                 # 
#                                                                                 # 
#                                                                                 # 
#                                                                                 # 
#                                                                                 # 
#                                                                                 # 
#                                                                                 # 
#                                                                                 # 
#                                                                                 # 
#                                                                                 # 
#                                                                                 # 
#                                                                                 # 
#                                                                                 # 
#                                                                                 # 
#                                                                                 # 
#                                                                                 # 
#                                                                                 # 
#                                                                                 # 
#                                                                                 # 
#                                                                                 # 
#                                                                                 # 
#                                                                                 # 
#                                                                                 # 
#                                                                                 # 
#                                                                                 # 
#                                                                                 # 
#                                                                                 # 
#                                                                                 # 
# # # # # # # # # # # # # # # # # # # # # # # # # # # # # # # # # # # # # # # # # # 
[ last/next direc: Direc.RIGHT/Direc.RIGHT ]

[ Episode 1 / Step 1 ]
# # # # # # # # # # # # # # # # # # # # # # # # # # # # # # # # # # # # # # # # # # 
#   T B B H                                                                       # 
#                                                                                 # 
#                                                                                 # 
#                                                                                 # 
#                                                                                 # 
#                                                                                 # 
#                                                                                 # 
#                                                                                 # 
#                                                                                 # 
#                                                                                 # 
#                                                                                 # 
#                                                             F                   # 
#                                                                                 # 
#                                                                                 # 
#                                                                                 # 
#                                                                                 # 
#                                                                                 # 
#                                                                                 # 
#                                                                                 # 
#                                                                                 # 
#                                                                                 # 
#                                                                                 # 
#                                                                                 # 
#                                                                                 # 
#                                                                                 # 
#                                                                                 # 
#                                                                                 # 
#                                                                                 # 
#                                                                                 # 
#                                                                                 # 
#                                                                                 # 
#                                                                                 # 
#                                                                                 # 
#                                                                                 # 
#                                                                                 # 
#                                                                                 # 
#                                                                                 # 
#                                                                                 # 
#                                                                                 # 
#                                                                                 # 
# # # # # # # # # # # # # # # # # # # # # # # # # # # # # # # # # # # # # # # # # # 
[ last/next direc: Direc.RIGHT/Direc.RIGHT ]

[ Episode 1 / Step 2 ]
# # # # # # # # # # # # # # # # # # # # # # # # # # # # # # # # # # # # # # # # # # 
#     T B B H                                                                     # 
#                                                                                 # 
#                                                                                 # 
#                                                                                 # 
#                                                                                 # 
#                                                                                 # 
#                                                                                 # 
#                                                                                 # 
#                                                                                 # 
#                                                                                 # 
#                                                                                 # 
#                                                             F                   # 
#                                                                                 # 
#                                                                                 # 
#                                                                                 # 
#                                                                                 # 
#                                                                                 # 
#                                                                                 # 
#                                                                                 # 
#                                                                                 # 
#                                                                                 # 
#                                                                                 # 
#                                                                                 # 
#                                                                                 # 
#                                                                                 # 
#                                                                                 # 
#                                                                                 # 
#                                                                                 # 
#                                                                                 # 
#                                                                                 # 
#                                                                                 # 
#                                                                                 # 
#                                                                                 # 
#                                                                                 # 
#                                                                                 # 
#                                                                                 # 
#                                                                                 # 
#                                                                                 # 
#                                                                                 # 
#                                                                                 # 
# # # # # # # # # # # # # # # # # # # # # # # # # # # # # # # # # # # # # # # # # # 
[ last/next direc: Direc.RIGHT/Direc.RIGHT ]

[ Episode 1 / Step 3 ]
# # # # # # # # # # # # # # # # # # # # # # # # # # # # # # # # # # # # # # # # # # 
#       T B B H                                                                   # 
#                                                                                 # 
#                                                                                 # 
#                                                                                 # 
#                                                                                 # 
#                                                                                 # 
#                                                                                 # 
#                                                                                 # 
#                                                                                 # 
#                                                                                 # 
#                                                                                 # 
#                                                             F                   # 
#                                                                                 # 
#                                                                                 # 
#                                                                                 # 
#                                                                                 # 
#                                                                                 # 
#                                                                                 # 
#                                                                                 # 
#                                                                                 # 
#                                                                                 # 
#                                                                                 # 
#                                                                                 # 
#                                                                                 # 
#                                                                                 # 
#                                                                                 # 
#                                                                                 # 
#                                                                                 # 
#                                                                                 # 
#                                                                                 # 
#                                                                                 # 
#                                                                                 # 
#                                                                                 # 
#                                                                                 # 
#                                                                                 # 
#                                                                                 # 
#                                                                                 # 
#                                                                                 # 
#                                                                                 # 
#                                                                                 # 
# # # # # # # # # # # # # # # # # # # # # # # # # # # # # # # # # # # # # # # # # # 
[ last/next direc: Direc.RIGHT/Direc.RIGHT ]

[ Episode 1 / Step 4 ]
# # # # # # # # # # # # # # # # # # # # # # # # # # # # # # # # # # # # # # # # # # 
#         T B B H                                                                 # 
#                                                                                 # 
#                                                                                 # 
#                                                                                 # 
#                                                                                 # 
#                                                                                 # 
#                                                                                 # 
#                                                                                 # 
#                                                                                 # 
#                                                                                 # 
#                                                                                 # 
#                                                             F                   # 
#                                                                                 # 
#                                                                                 # 
#                                                                                 # 
#                                                                                 # 
#                                                                                 # 
#                                                                                 # 
#                                                                                 # 
#                                                                                 # 
#                                                                                 # 
#                                                                                 # 
#                                                                                 # 
#                                                                                 # 
#                                                                                 # 
#                                                                                 # 
#                                                                                 # 
#                                                                                 # 
#                                                                                 # 
#                                                                                 # 
#                                                                                 # 
#                                                                                 # 
#                                                                                 # 
#                                                                                 # 
#                                                                                 # 
#                                                                                 # 
#                                                                                 # 
#                                                                                 # 
#                                                                                 # 
#                                                                                 # 
# # # # # # # # # # # # # # # # # # # # # # # # # # # # # # # # # # # # # # # # # # 
[ last/next direc: Direc.RIGHT/Direc.RIGHT ]

[ Episode 1 / Step 5 ]
# # # # # # # # # # # # # # # # # # # # # # # # # # # # # # # # # # # # # # # # # # 
#           T B B H                                                               # 
#                                                                                 # 
#                                                                                 # 
#                                                                                 # 
#                                                                                 # 
#                                                                                 # 
#                                                                                 # 
#                                                                                 # 
#                                                                                 # 
#                                                                                 # 
#                                                                                 # 
#                                                             F                   # 
#                                                                                 # 
#                                                                                 # 
#                                                                                 # 
#                                                                                 # 
#                                                                                 # 
#                                                                                 # 
#                                                                                 # 
#                                                                                 # 
#                                                                                 # 
#                                                                                 # 
#                                                                                 # 
#                                                                                 # 
#                                                                                 # 
#                                                                                 # 
#                                                                                 # 
#                                                                                 # 
#                                                                                 # 
#                                                                                 # 
#                                                                                 # 
#                                                                                 # 
#                                                                                 # 
#                                                                                 # 
#                                                                                 # 
#                                                                                 # 
#                                                                                 # 
#                                                                                 # 
#                                                                                 # 
#                                                                                 # 
# # # # # # # # # # # # # # # # # # # # # # # # # # # # # # # # # # # # # # # # # # 
[ last/next direc: Direc.RIGHT/Direc.RIGHT ]

[ Episode 1 / Step 6 ]
# # # # # # # # # # # # # # # # # # # # # # # # # # # # # # # # # # # # # # # # # # 
#             T B B H                                                             # 
#                                                                                 # 
#                                                                                 # 
#                                                                                 # 
#                                                                                 # 
#                                                                                 # 
#                                                                                 # 
#                                                                                 # 
#                                                                                 # 
#                                                                                 # 
#                                                                                 # 
#                                                             F                   # 
#                                                                                 # 
#                                                                                 # 
#                                                                                 # 
#                                                                                 # 
#                                                                                 # 
#                                                                                 # 
#                                                                                 # 
#                                                                                 # 
#                                                                                 # 
#                                                                                 # 
#                                                                                 # 
#                                                                                 # 
#                                                                                 # 
#                                                                                 # 
#                                                                                 # 
#                                                                                 # 
#                                                                                 # 
#                                                                                 # 
#                                                                                 # 
#                                                                                 # 
#                                                                                 # 
#                                                                                 # 
#                                                                                 # 
#                                                                                 # 
#                                                                                 # 
#                                                                                 # 
#                                                                                 # 
#                                                                                 # 
# # # # # # # # # # # # # # # # # # # # # # # # # # # # # # # # # # # # # # # # # # 
[ last/next direc: Direc.RIGHT/Direc.RIGHT ]

[ Episode 1 / Step 7 ]
# # # # # # # # # # # # # # # # # # # # # # # # # # # # # # # # # # # # # # # # # # 
#               T B B H                                                           # 
#                                                                                 # 
#                                                                                 # 
#                                                                                 # 
#                                                                                 # 
#                                                                                 # 
#                                                                                 # 
#                                                                                 # 
#                                                                                 # 
#                                                                                 # 
#                                                                                 # 
#                                                             F                   # 
#                                                                                 # 
#                                                                                 # 
#                                                                                 # 
#                                                                                 # 
#                                                                                 # 
#                                                                                 # 
#                                                                                 # 
#                                                                                 # 
#                                                                                 # 
#                                                                                 # 
#                                                                                 # 
#                                                                                 # 
#                                                                                 # 
#                                                                                 # 
#                                                                                 # 
#                                                                                 # 
#                                                                                 # 
#                                                                                 # 
#                                                                                 # 
#                                                                                 # 
#                                                                                 # 
#                                                                                 # 
#                                                                                 # 
#                                                                                 # 
#                                                                                 # 
#                                                                                 # 
#                                                                                 # 
#                                                                                 # 
# # # # # # # # # # # # # # # # # # # # # # # # # # # # # # # # # # # # # # # # # # 
[ last/next direc: Direc.RIGHT/Direc.RIGHT ]

[ Episode 1 / Step 8 ]
# # # # # # # # # # # # # # # # # # # # # # # # # # # # # # # # # # # # # # # # # # 
#                 T B B H                                                         # 
#                                                                                 # 
#                                                                                 # 
#                                                                                 # 
#                                                                                 # 
#                                                                                 # 
#                                                                                 # 
#                                                                                 # 
#                                                                                 # 
#                                                                                 # 
#                                                                                 # 
#                                                             F                   # 
#                                                                                 # 
#                                                                                 # 
#                                                                                 # 
#                                                                                 # 
#                                                                                 # 
#                                                                                 # 
#                                                                                 # 
#                                                                                 # 
#                                                                                 # 
#                                                                                 # 
#                                                                                 # 
#                                                                                 # 
#                                                                                 # 
#                                                                                 # 
#                                                                                 # 
#                                                                                 # 
#                                                                                 # 
#                                                                                 # 
#                                                                                 # 
#                                                                                 # 
#                                                                                 # 
#                                                                                 # 
#                                                                                 # 
#                                                                                 # 
#                                                                                 # 
#                                                                                 # 
#                                                                                 # 
#                                                                                 # 
# # # # # # # # # # # # # # # # # # # # # # # # # # # # # # # # # # # # # # # # # # 
[ last/next direc: Direc.RIGHT/Direc.RIGHT ]

[ Episode 1 / Step 9 ]
# # # # # # # # # # # # # # # # # # # # # # # # # # # # # # # # # # # # # # # # # # 
#                   T B B H                                                       # 
#                                                                                 # 
#                                                                                 # 
#                                                                                 # 
#                                                                                 # 
#                                                                                 # 
#                                                                                 # 
#                                                                                 # 
#                                                                                 # 
#                                                                                 # 
#                                                                                 # 
#                                                             F                   # 
#                                                                                 # 
#                                                                                 # 
#                                                                                 # 
#                                                                                 # 
#                                                                                 # 
#                                                                                 # 
#                                                                                 # 
#                                                                                 # 
#                                                                                 # 
#                                                                                 # 
#                                                                                 # 
#                                                                                 # 
#                                                                                 # 
#                                                                                 # 
#                                                                                 # 
#                                                                                 # 
#                                                                                 # 
#                                                                                 # 
#                                                                                 # 
#                                                                                 # 
#                                                                                 # 
#                                                                                 # 
#                                                                                 # 
#                                                                                 # 
#                                                                                 # 
#                                                                                 # 
#                                                                                 # 
#                                                                                 # 
# # # # # # # # # # # # # # # # # # # # # # # # # # # # # # # # # # # # # # # # # # 
[ last/next direc: Direc.RIGHT/Direc.RIGHT ]

[ Episode 1 / Step 10 ]
# # # # # # # # # # # # # # # # # # # # # # # # # # # # # # # # # # # # # # # # # # 
#                     T B B H                                                     # 
#                                                                                 # 
#                                                                                 # 
#                                                                                 # 
#                                                                                 # 
#                                                                                 # 
#                                                                                 # 
#                                                                                 # 
#                                                                                 # 
#                                                                                 # 
#                                                                                 # 
#                                                             F                   # 
#                                                                                 # 
#                                                                                 # 
#                                                                                 # 
#                                                                                 # 
#                                                                                 # 
#                                                                                 # 
#                                                                                 # 
#                                                                                 # 
#                                                                                 # 
#                                                                                 # 
#                                                                                 # 
#                                                                                 # 
#                                                                                 # 
#                                                                                 # 
#                                                                                 # 
#                                                                                 # 
#                                                                                 # 
#                                                                                 # 
#                                                                                 # 
#                                                                                 # 
#                                                                                 # 
#                                                                                 # 
#                                                                                 # 
#                                                                                 # 
#                                                                                 # 
#                                                                                 # 
#                                                                                 # 
#                                                                                 # 
# # # # # # # # # # # # # # # # # # # # # # # # # # # # # # # # # # # # # # # # # # 
[ last/next direc: Direc.RIGHT/Direc.RIGHT ]

[ Episode 1 / Step 11 ]
# # # # # # # # # # # # # # # # # # # # # # # # # # # # # # # # # # # # # # # # # # 
#                       T B B H                                                   # 
#                                                                                 # 
#                                                                                 # 
#                                                                                 # 
#                                                                                 # 
#                                                                                 # 
#                                                                                 # 
#                                                                                 # 
#                                                                                 # 
#                                                                                 # 
#                                                                                 # 
#                                                             F                   # 
#                                                                                 # 
#                                                                                 # 
#                                                                                 # 
#                                                                                 # 
#                                                                                 # 
#                                                                                 # 
#                                                                                 # 
#                                                                                 # 
#                                                                                 # 
#                                                                                 # 
#                                                                                 # 
#                                                                                 # 
#                                                                                 # 
#                                                                                 # 
#                                                                                 # 
#                                                                                 # 
#                                                                                 # 
#                                                                                 # 
#                                                                                 # 
#                                                                                 # 
#                                                                                 # 
#                                                                                 # 
#                                                                                 # 
#                                                                                 # 
#                                                                                 # 
#                                                                                 # 
#                                                                                 # 
#                                                                                 # 
# # # # # # # # # # # # # # # # # # # # # # # # # # # # # # # # # # # # # # # # # # 
[ last/next direc: Direc.RIGHT/Direc.RIGHT ]

[ Episode 1 / Step 12 ]
# # # # # # # # # # # # # # # # # # # # # # # # # # # # # # # # # # # # # # # # # # 
#                         T B B H                                                 # 
#                                                                                 # 
#                                                                                 # 
#                                                                                 # 
#                                                                                 # 
#                                                                                 # 
#                                                                                 # 
#                                                                                 # 
#                                                                                 # 
#                                                                                 # 
#                                                                                 # 
#                                                             F                   # 
#                                                                                 # 
#                                                                                 # 
#                                                                                 # 
#                                                                                 # 
#                                                                                 # 
#                                                                                 # 
#                                                                                 # 
#                                                                                 # 
#                                                                                 # 
#                                                                                 # 
#                                                                                 # 
#                                                                                 # 
#                                                                                 # 
#                                                                                 # 
#                                                                                 # 
#                                                                                 # 
#                                                                                 # 
#                                                                                 # 
#                                                                                 # 
#                                                                                 # 
#                                                                                 # 
#                                                                                 # 
#                                                                                 # 
#                                                                                 # 
#                                                                                 # 
#                                                                                 # 
#                                                                                 # 
#                                                                                 # 
# # # # # # # # # # # # # # # # # # # # # # # # # # # # # # # # # # # # # # # # # # 
[ last/next direc: Direc.RIGHT/Direc.RIGHT ]

[ Episode 1 / Step 13 ]
# # # # # # # # # # # # # # # # # # # # # # # # # # # # # # # # # # # # # # # # # # 
#                           T B B H                                               # 
#                                                                                 # 
#                                                                                 # 
#                                                                                 # 
#                                                                                 # 
#                                                                                 # 
#                                                                                 # 
#                                                                                 # 
#                                                                                 # 
#                                                                                 # 
#                                                                                 # 
#                                                             F                   # 
#                                                                                 # 
#                                                                                 # 
#                                                                                 # 
#                                                                                 # 
#                                                                                 # 
#                                                                                 # 
#                                                                                 # 
#                                                                                 # 
#                                                                                 # 
#                                                                                 # 
#                                                                                 # 
#                                                                                 # 
#                                                                                 # 
#                                                                                 # 
#                                                                                 # 
#                                                                                 # 
#                                                                                 # 
#                                                                                 # 
#                                                                                 # 
#                                                                                 # 
#                                                                                 # 
#                                                                                 # 
#                                                                                 # 
#                                                                                 # 
#                                                                                 # 
#                                                                                 # 
#                                                                                 # 
#                                                                                 # 
# # # # # # # # # # # # # # # # # # # # # # # # # # # # # # # # # # # # # # # # # # 
[ last/next direc: Direc.RIGHT/Direc.RIGHT ]

[ Episode 1 / Step 14 ]
# # # # # # # # # # # # # # # # # # # # # # # # # # # # # # # # # # # # # # # # # # 
#                             T B B H                                             # 
#                                                                                 # 
#                                                                                 # 
#                                                                                 # 
#                                                                                 # 
#                                                                                 # 
#                                                                                 # 
#                                                                                 # 
#                                                                                 # 
#                                                                                 # 
#                                                                                 # 
#                                                             F                   # 
#                                                                                 # 
#                                                                                 # 
#                                                                                 # 
#                                                                                 # 
#                                                                                 # 
#                                                                                 # 
#                                                                                 # 
#                                                                                 # 
#                                                                                 # 
#                                                                                 # 
#                                                                                 # 
#                                                                                 # 
#                                                                                 # 
#                                                                                 # 
#                                                                                 # 
#                                                                                 # 
#                                                                                 # 
#                                                                                 # 
#                                                                                 # 
#                                                                                 # 
#                                                                                 # 
#                                                                                 # 
#                                                                                 # 
#                                                                                 # 
#                                                                                 # 
#                                                                                 # 
#                                                                                 # 
#                                                                                 # 
# # # # # # # # # # # # # # # # # # # # # # # # # # # # # # # # # # # # # # # # # # 
[ last/next direc: Direc.RIGHT/Direc.RIGHT ]

